<?xml version="1.0" encoding="UTF-8"?>
<!-- Generated by org.testng.reporters.JUnitReportReporter -->
<testsuite skipped="0" hostname="Mazharuls-MBP.nyc.rr.com" name="com.qa.InRhythmAPITest.TC001_GET_Test" tests="1" failures="0" timestamp="17 Apr 2022 07:52:52 GMT" time="2.457" errors="0">
  <testcase name="Get_Method" time="2.457" classname="com.qa.InRhythmAPITest.TC001_GET_Test"/>
</testsuite> <!-- com.qa.InRhythmAPITest.TC001_GET_Test -->
