<?xml version="1.0" encoding="UTF-8"?>
<!-- Generated by org.testng.reporters.JUnitReportReporter -->
<testsuite skipped="0" hostname="Mazharuls-MBP.nyc.rr.com" name="com.qa.RestAssured.GET_Test" tests="1" failures="0" timestamp="17 Apr 2022 07:44:00 GMT" time="2.850" errors="0">
  <testcase name="GetSampleTest" time="2.850" classname="com.qa.RestAssured.GET_Test"/>
</testsuite> <!-- com.qa.RestAssured.GET_Test -->
