<?xml version="1.0" encoding="UTF-8"?>
<!-- Generated by org.testng.reporters.JUnitReportReporter -->
<testsuite skipped="0" hostname="Mazharuls-MBP.nyc.rr.com" name="com.qa.RestAssured.TC001_GET_Test" tests="2" failures="0" timestamp="17 Apr 2022 07:59:22 GMT" time="2.736" errors="0">
  <testcase name="GetSampleTest01" time="2.514" classname="com.qa.RestAssured.TC001_GET_Test"/>
  <testcase name="GetSampleTest02" time="0.222" classname="com.qa.RestAssured.TC001_GET_Test"/>
</testsuite> <!-- com.qa.RestAssured.TC001_GET_Test -->
