<?xml version="1.0" encoding="UTF-8"?>
<!-- Generated by org.testng.reporters.JUnitReportReporter -->
<testsuite skipped="0" hostname="Mazharuls-MBP.nyc.rr.com" name="com.qa.InRhythmAPITest.TC002_POST_Test" tests="1" failures="0" timestamp="17 Apr 2022 08:28:45 GMT" time="2.763" errors="0">
  <testcase name="PostSampleTest" time="2.763" classname="com.qa.InRhythmAPITest.TC002_POST_Test"/>
</testsuite> <!-- com.qa.InRhythmAPITest.TC002_POST_Test -->
